#
# A fatal error has been detected by the Java Runtime Environment:
#
#  EXCEPTION_ACCESS_VIOLATION (0xc0000005) at pc=0x0000000003013b4b, pid=1528, tid=0x0000000000001b28
#
# JRE version: OpenJDK Runtime Environment (8.0_242-b01) (build 1.8.0_242-release-1644-b01)
# Java VM: OpenJDK 64-Bit Server VM (25.242-b01 mixed mode windows-amd64 compressed oops)
# Problematic frame:
# j  org.gradle.initialization.InitScriptHandler.<init>(Lorg/gradle/configuration/InitScriptProcessor;Lorg/gradle/internal/operations/BuildOperationExecutor;)V+0
#
# Failed to write core dump. Minidumps are not enabled by default on client versions of Windows
#
# If you would like to submit a bug report, please visit:
#   
#

---------------  T H R E A D  ---------------

Current thread (0x000000001cbc7000):  JavaThread "Daemon worker" [_thread_in_Java, id=6952, stack(0x000000001e5a0000,0x000000001e6a0000)]

siginfo: ExceptionCode=0xc0000005, reading address 0xffffffffffffffff

Registers:
RAX=0x00008000214c8300, RBX=0x000000001eeb90a8, RCX=0x0000000000000003, RDX=0x00000000214c7268
RSP=0x000000001e69cbc8, RBP=0x000000001e69cc08, RSI=0x0000000017680480, RDI=0x00000000005c06d8
R8 =0x000000001e69d098, R9 =0x0000000000000004, R10=0x00000000740d5d00, R11=0x000000000311c740
R12=0x0000000000000000, R13=0x000000001eeb9068, R14=0x000000001e69cc28, R15=0x000000001cbc7000
RIP=0x0000000003013b4b, EFLAGS=0x0000000000010206

Top of Stack: (sp=0x000000001e69cbc8)
0x000000001e69cbc8:   000000001e69cbc8 000000001eeb9068
0x000000001e69cbd8:   000000001e69cc28 00000000214c7268
0x000000001e69cbe8:   0000000000000000 000000001eeb90a8
0x000000001e69cbf8:   0000000000000000 000000001e69cc18
0x000000001e69cc08:   000000001e69cc78 000000000300809d
0x000000001e69cc18:   00000000e232fe78 00000000e23363d8
0x000000001e69cc28:   00000000e23363c0 00000000e23363c0
0x000000001e69cc38:   000000001e69cc38 000000001eeaa2d6
0x000000001e69cc48:   000000001e69cca0 000000001eeb0a00
0x000000001e69cc58:   0000000000000000 000000001eeaa318
0x000000001e69cc68:   000000001e69cc18 000000001e69cc88
0x000000001e69cc78:   000000001e69cd80 000000000300061a
0x000000001e69cc88:   00000000e232fe78 00000000e2336388
0x000000001e69cc98:   00000000e2336318 00000000e231f850
0x000000001e69cca8:   0000000000000000 0000000000000000
0x000000001e69ccb8:   0000000000000000 0000000000000000 

Instructions: (pc=0x0000000003013b4b)
0x0000000003013b2b:   84 05 00 00 00 e9 eb c9 fe ff 4c 8b 6d c8 4c 8b
0x0000000003013b3b:   75 d0 c3 48 8b 43 18 48 85 c0 0f 84 15 00 00 00
0x0000000003013b4b:   8b 48 08 83 c1 08 89 48 08 81 e1 f8 03 00 00 0f
0x0000000003013b5b:   84 83 01 00 00 89 84 24 00 f0 ff ff 89 84 24 00 


Register to memory mapping:

RAX=0x00008000214c8300 is an unknown value
RBX={method} {0x000000001eeb90b0} '<init>' '(Lorg/gradle/configuration/InitScriptProcessor;Lorg/gradle/internal/operations/BuildOperationExecutor;)V' in 'org/gradle/initialization/InitScriptHandler'
RCX=0x0000000000000003 is an unknown value
RDX=0x00000000214c7268 is pointing into metadata
RSP=0x000000001e69cbc8 is pointing into the stack for thread: 0x000000001cbc7000
RBP=0x000000001e69cc08 is pointing into the stack for thread: 0x000000001cbc7000
RSI={method} {0x0000000017680488} '<init>' '()V' in 'java/lang/Object'
RDI=0x00000000005c06d8 is an unknown value
R8 =0x000000001e69d098 is pointing into the stack for thread: 0x000000001cbc7000
R9 =0x0000000000000004 is an unknown value
R10=0x00000000740d5d00 is an unknown value
R11=0x000000000311c740 is at entry_point+32 in (nmethod*)0x000000000311c5d0
R12=0x0000000000000000 is an unknown value
R13=0x000000001eeb9068 is pointing into metadata
R14=0x000000001e69cc28 is pointing into the stack for thread: 0x000000001cbc7000
R15=0x000000001cbc7000 is a thread


Stack: [0x000000001e5a0000,0x000000001e6a0000],  sp=0x000000001e69cbc8,  free space=1010k
Native frames: (J=compiled Java code, j=interpreted, Vv=VM code, C=native code)
C  0x0000000003013b4b


---------------  P R O C E S S  ---------------

Java Threads: ( => current thread )
  0x000000001f439000 JavaThread "Thread-167" [_thread_blocked, id=11588, stack(0x0000000037240000,0x0000000037340000)]
  0x000000001f42e000 JavaThread "Stdin handler" [_thread_blocked, id=8624, stack(0x0000000037140000,0x0000000037240000)]
  0x000000001f431000 JavaThread "Asynchronous log dispatcher for DefaultDaemonConnection: socket connection from /127.0.0.1:49813 to /127.0.0.1:49981" [_thread_blocked, id=11396, stack(0x0000000037040000,0x0000000037140000)]
  0x000000001f432800 JavaThread "Cancel handler" [_thread_blocked, id=11668, stack(0x0000000036f40000,0x0000000037040000)]
  0x000000001f435000 JavaThread "Handler for socket connection from /127.0.0.1:49813 to /127.0.0.1:49981" [_thread_in_native, id=11700, stack(0x0000000036e40000,0x0000000036f40000)]
  0x000000001f434000 JavaThread "ForkJoinPool.commonPool-worker-6" daemon [_thread_blocked, id=11612, stack(0x0000000034e80000,0x0000000034f80000)]
  0x000000001f42f000 JavaThread "ForkJoinPool.commonPool-worker-4" daemon [_thread_blocked, id=11604, stack(0x0000000034c80000,0x0000000034d80000)]
  0x000000002df07800 JavaThread "Cache worker for Java compile cache (C:\Users\LoLki\.gradle\caches\6.5\javaCompile)" [_thread_blocked, id=11580, stack(0x0000000033380000,0x0000000033480000)]
  0x000000002df09000 JavaThread "RMI TCP Connection(idle)" daemon [_thread_blocked, id=11408, stack(0x0000000033280000,0x0000000033380000)]
  0x000000002df06000 JavaThread "RMI TCP Connection(idle)" daemon [_thread_blocked, id=8144, stack(0x0000000032280000,0x0000000032380000)]
  0x000000002defe000 JavaThread "RMI Reaper" [_thread_blocked, id=9884, stack(0x0000000032180000,0x0000000032280000)]
  0x000000002df05000 JavaThread "RMI TCP Accept-0" daemon [_thread_in_native, id=3452, stack(0x0000000032080000,0x0000000032180000)]
  0x000000002defd800 JavaThread "GC Daemon" daemon [_thread_blocked, id=10636, stack(0x0000000031f80000,0x0000000032080000)]
  0x000000002df03800 JavaThread "RMI Scheduler(0)" daemon [_thread_blocked, id=10776, stack(0x0000000031b80000,0x0000000031c80000)]
  0x000000001b735800 JavaThread "Memory manager" [_thread_blocked, id=8604, stack(0x000000002ed80000,0x000000002ee80000)]
  0x000000001ce69800 JavaThread "Cache worker for file content cache (C:\Users\LoLki\.gradle\caches\6.5\fileContent)" [_thread_blocked, id=7508, stack(0x0000000023170000,0x0000000023270000)]
  0x000000001ce64800 JavaThread "Cache worker for execution history cache (C:\Users\LoLki\.gradle\caches\6.5\executionHistory)" [_thread_blocked, id=6476, stack(0x0000000022970000,0x0000000022a70000)]
  0x000000001ce6a800 JavaThread "Cache worker for file hash cache (C:\Users\LoLki\.gradle\caches\6.5\fileHashes)" [_thread_blocked, id=5016, stack(0x000000001eda0000,0x000000001eea0000)]
  0x000000001ce65000 JavaThread "File lock request listener" [_thread_in_native, id=844, stack(0x000000001eca0000,0x000000001eda0000)]
  0x000000001cc0d000 JavaThread "Cache worker for journal cache (C:\Users\LoLki\.gradle\caches\journal-1)" [_thread_blocked, id=5008, stack(0x000000001eba0000,0x000000001eca0000)]
=>0x000000001cbc7000 JavaThread "Daemon worker" [_thread_in_Java, id=6952, stack(0x000000001e5a0000,0x000000001e6a0000)]
  0x000000001cbb0800 JavaThread "Daemon" [_thread_blocked, id=4464, stack(0x000000001e0a0000,0x000000001e1a0000)]
  0x000000001cb47800 JavaThread "Daemon periodic checks" [_thread_blocked, id=4476, stack(0x000000001dfa0000,0x000000001e0a0000)]
  0x000000001cb44800 JavaThread "Incoming local TCP Connector on port 49813" [_thread_in_native, id=4300, stack(0x000000001dd60000,0x000000001de60000)]
  0x000000001cb19800 JavaThread "Daemon health stats" [_thread_blocked, id=4144, stack(0x000000001c520000,0x000000001c620000)]
  0x0000000019f12800 JavaThread "Service Thread" daemon [_thread_blocked, id=2716, stack(0x000000001ab50000,0x000000001ac50000)]
  0x0000000019e8e000 JavaThread "C1 CompilerThread3" daemon [_thread_blocked, id=2764, stack(0x000000001aa50000,0x000000001ab50000)]
  0x000000001807e000 JavaThread "C2 CompilerThread2" daemon [_thread_blocked, id=2624, stack(0x000000001a950000,0x000000001aa50000)]
  0x000000001807a800 JavaThread "C2 CompilerThread1" daemon [_thread_in_native, id=2628, stack(0x000000001a850000,0x000000001a950000)]
  0x0000000019e86000 JavaThread "C2 CompilerThread0" daemon [_thread_blocked, id=2596, stack(0x000000001a750000,0x000000001a850000)]
  0x0000000019e85000 JavaThread "Attach Listener" daemon [_thread_blocked, id=2588, stack(0x000000001a650000,0x000000001a750000)]
  0x0000000019e83000 JavaThread "Signal Dispatcher" daemon [_thread_blocked, id=2576, stack(0x000000001a550000,0x000000001a650000)]
  0x0000000002ffd800 JavaThread "Finalizer" daemon [_thread_blocked, id=2580, stack(0x000000001a350000,0x000000001a450000)]
  0x000000001806c800 JavaThread "Reference Handler" daemon [_thread_blocked, id=2448, stack(0x000000001a250000,0x000000001a350000)]
  0x0000000002efd800 JavaThread "main" [_thread_blocked, id=1976, stack(0x0000000002d60000,0x0000000002e60000)]

Other Threads:
  0x0000000018068000 VMThread [stack: 0x0000000019d50000,0x0000000019e50000] [id=2412]
  0x0000000019f13800 WatcherThread [stack: 0x000000001ac50000,0x000000001ad50000] [id=2836]

VM state:not at safepoint (normal execution)

VM Mutex/Monitor currently owned by a thread: None

heap address: 0x0000000080000000, size: 2048 MB, Compressed Oops mode: 32-bit
Narrow klass base: 0x0000000000000000, Narrow klass shift: 3
Compressed class space size: 1073741824 Address: 0x0000000100000000

Heap:
 PSYoungGen      total 424960K, used 245340K [0x00000000d5580000, 0x00000000f2e00000, 0x0000000100000000)
  eden space 388608K, 63% used [0x00000000d5580000,0x00000000e4517328,0x00000000ed100000)
  from space 36352K, 0% used [0x00000000ef480000,0x00000000ef480000,0x00000000f1800000)
  to   space 36352K, 0% used [0x00000000ed100000,0x00000000ed100000,0x00000000ef480000)
 ParOldGen       total 167936K, used 67417K [0x0000000080000000, 0x000000008a400000, 0x00000000d5580000)
  object space 167936K, 40% used [0x0000000080000000,0x00000000841d6588,0x000000008a400000)
 Metaspace       used 109851K, capacity 115800K, committed 115992K, reserved 1148928K
  class space    used 14484K, capacity 15662K, committed 15664K, reserved 1048576K

Card table byte_map: [0x00000000123c0000,0x00000000127d0000] byte_map_base: 0x0000000011fc0000

Marking Bits: (ParMarkBitMap*) 0x00000000740ef030
 Begin Bits: [0x0000000013280000, 0x0000000015280000)
 End Bits:   [0x0000000015280000, 0x0000000017280000)

Polling page: 0x00000000014b0000

CodeCache: size=245760Kb used=38686Kb max_used=39765Kb free=207074Kb
 bounds [0x0000000003000000, 0x0000000005740000, 0x0000000012000000]
 total_blobs=13611 nmethods=12667 adapters=855
 compilation: enabled

Compilation events (10 events):
Event: 76.437 Thread 0x0000000019e86000 nmethod 15574 0x000000000401da90 code [0x000000000401dbc0, 0x000000000401dc58]
Event: 76.437 Thread 0x0000000019e8e000 15575       3       org.gradle.internal.service.DefaultServiceRegistry::assertMutable (46 bytes)
Event: 76.438 Thread 0x0000000019e8e000 nmethod 15575 0x0000000004fec450 code [0x0000000004fec680, 0x0000000004fed4f8]
Event: 76.438 Thread 0x0000000019e86000 15576       4       com.google.common.cache.LocalCache::evictsBySize (15 bytes)
Event: 76.439 Thread 0x0000000019e86000 nmethod 15576 0x0000000005568910 code [0x0000000005568a40, 0x0000000005568ab8]
Event: 76.440 Thread 0x0000000019e8e000 15577       3       java.lang.invoke.MethodType::parameterSlotCount (8 bytes)
Event: 76.440 Thread 0x0000000019e8e000 nmethod 15577 0x00000000044b7750 code [0x00000000044b78c0, 0x00000000044b7b70]
Event: 76.440 Thread 0x0000000019e8e000 15578       3       org.gradle.internal.service.DefaultServiceRegistry$OwnServices::getAll (46 bytes)
Event: 76.440 Thread 0x000000001807e000 nmethod 15558 0x0000000004860ad0 code [0x0000000004860ca0, 0x0000000004861600]
Event: 76.441 Thread 0x0000000019e8e000 nmethod 15578 0x0000000005000510 code [0x0000000005000700, 0x0000000005001008]

GC Heap History (10 events):
Event: 14.326 GC heap before
{Heap before GC invocations=16 (full 3):
 PSYoungGen      total 268288K, used 248832K [0x00000000d5580000, 0x00000000e6f80000, 0x0000000100000000)
  eden space 248832K, 100% used [0x00000000d5580000,0x00000000e4880000,0x00000000e4880000)
  from space 19456K, 0% used [0x00000000e5c80000,0x00000000e5c80000,0x00000000e6f80000)
  to   space 19968K, 0% used [0x00000000e4880000,0x00000000e4880000,0x00000000e5c00000)
 ParOldGen       total 101888K, used 30498K [0x0000000080000000, 0x0000000086380000, 0x00000000d5580000)
  object space 101888K, 29% used [0x0000000080000000,0x0000000081dc88f8,0x0000000086380000)
 Metaspace       used 68406K, capacity 71762K, committed 71960K, reserved 1112064K
  class space    used 9389K, capacity 10030K, committed 10032K, reserved 1048576K
Event: 14.350 GC heap after
Heap after GC invocations=16 (full 3):
 PSYoungGen      total 268800K, used 19945K [0x00000000d5580000, 0x00000000ec700000, 0x0000000100000000)
  eden space 248832K, 0% used [0x00000000d5580000,0x00000000d5580000,0x00000000e4880000)
  from space 19968K, 99% used [0x00000000e4880000,0x00000000e5bfa4f0,0x00000000e5c00000)
  to   space 26624K, 0% used [0x00000000ead00000,0x00000000ead00000,0x00000000ec700000)
 ParOldGen       total 101888K, used 40071K [0x0000000080000000, 0x0000000086380000, 0x00000000d5580000)
  object space 101888K, 39% used [0x0000000080000000,0x0000000082721f18,0x0000000086380000)
 Metaspace       used 68406K, capacity 71762K, committed 71960K, reserved 1112064K
  class space    used 9389K, capacity 10030K, committed 10032K, reserved 1048576K
}
Event: 18.259 GC heap before
{Heap before GC invocations=17 (full 3):
 PSYoungGen      total 268800K, used 268777K [0x00000000d5580000, 0x00000000ec700000, 0x0000000100000000)
  eden space 248832K, 100% used [0x00000000d5580000,0x00000000e4880000,0x00000000e4880000)
  from space 19968K, 99% used [0x00000000e4880000,0x00000000e5bfa4f0,0x00000000e5c00000)
  to   space 26624K, 0% used [0x00000000ead00000,0x00000000ead00000,0x00000000ec700000)
 ParOldGen       total 101888K, used 40071K [0x0000000080000000, 0x0000000086380000, 0x00000000d5580000)
  object space 101888K, 39% used [0x0000000080000000,0x0000000082721f18,0x0000000086380000)
 Metaspace       used 74676K, capacity 78294K, committed 78488K, reserved 1116160K
  class space    used 10129K, capacity 10832K, committed 10928K, reserved 1048576K
Event: 18.278 GC heap after
Heap after GC invocations=17 (full 3):
 PSYoungGen      total 336384K, used 18497K [0x00000000d5580000, 0x00000000ec100000, 0x0000000100000000)
  eden space 315904K, 0% used [0x00000000d5580000,0x00000000d5580000,0x00000000e8a00000)
  from space 20480K, 90% used [0x00000000ead00000,0x00000000ebf107d8,0x00000000ec100000)
  to   space 28160K, 0% used [0x00000000e8a00000,0x00000000e8a00000,0x00000000ea580000)
 ParOldGen       total 101888K, used 58066K [0x0000000080000000, 0x0000000086380000, 0x00000000d5580000)
  object space 101888K, 56% used [0x0000000080000000,0x00000000838b49a0,0x0000000086380000)
 Metaspace       used 74676K, capacity 78294K, committed 78488K, reserved 1116160K
  class space    used 10129K, capacity 10832K, committed 10928K, reserved 1048576K
}
Event: 36.752 GC heap before
{Heap before GC invocations=18 (full 3):
 PSYoungGen      total 336384K, used 334401K [0x00000000d5580000, 0x00000000ec100000, 0x0000000100000000)
  eden space 315904K, 100% used [0x00000000d5580000,0x00000000e8a00000,0x00000000e8a00000)
  from space 20480K, 90% used [0x00000000ead00000,0x00000000ebf107d8,0x00000000ec100000)
  to   space 28160K, 0% used [0x00000000e8a00000,0x00000000e8a00000,0x00000000ea580000)
 ParOldGen       total 101888K, used 58066K [0x0000000080000000, 0x0000000086380000, 0x00000000d5580000)
  object space 101888K, 56% used [0x0000000080000000,0x00000000838b49a0,0x0000000086380000)
 Metaspace       used 94116K, capacity 98062K, committed 98328K, reserved 1134592K
  class space    used 12274K, capacity 13010K, committed 13104K, reserved 1048576K
Event: 36.783 GC heap after
Heap after GC invocations=18 (full 3):
 PSYoungGen      total 344064K, used 28135K [0x00000000d5580000, 0x00000000f1800000, 0x0000000100000000)
  eden space 315904K, 0% used [0x00000000d5580000,0x00000000d5580000,0x00000000e8a00000)
  from space 28160K, 99% used [0x00000000e8a00000,0x00000000ea579d30,0x00000000ea580000)
  to   space 36352K, 0% used [0x00000000ef480000,0x00000000ef480000,0x00000000f1800000)
 ParOldGen       total 101888K, used 68071K [0x0000000080000000, 0x0000000086380000, 0x00000000d5580000)
  object space 101888K, 66% used [0x0000000080000000,0x0000000084279fb0,0x0000000086380000)
 Metaspace       used 94116K, capacity 98062K, committed 98328K, reserved 1134592K
  class space    used 12274K, capacity 13010K, committed 13104K, reserved 1048576K
}
Event: 37.019 GC heap before
{Heap before GC invocations=19 (full 3):
 PSYoungGen      total 344064K, used 52275K [0x00000000d5580000, 0x00000000f1800000, 0x0000000100000000)
  eden space 315904K, 7% used [0x00000000d5580000,0x00000000d6d13110,0x00000000e8a00000)
  from space 28160K, 99% used [0x00000000e8a00000,0x00000000ea579d30,0x00000000ea580000)
  to   space 36352K, 0% used [0x00000000ef480000,0x00000000ef480000,0x00000000f1800000)
 ParOldGen       total 101888K, used 68071K [0x0000000080000000, 0x0000000086380000, 0x00000000d5580000)
  object space 101888K, 66% used [0x0000000080000000,0x0000000084279fb0,0x0000000086380000)
 Metaspace       used 94439K, capacity 98476K, committed 98584K, reserved 1134592K
  class space    used 12322K, capacity 13056K, committed 13104K, reserved 1048576K
Event: 37.039 GC heap after
Heap after GC invocations=19 (full 3):
 PSYoungGen      total 424960K, used 2192K [0x00000000d5580000, 0x00000000f2e00000, 0x0000000100000000)
  eden space 388608K, 0% used [0x00000000d5580000,0x00000000d5580000,0x00000000ed100000)
  from space 36352K, 6% used [0x00000000ef480000,0x00000000ef6a4020,0x00000000f1800000)
  to   space 36352K, 0% used [0x00000000ed100000,0x00000000ed100000,0x00000000ef480000)
 ParOldGen       total 101888K, used 94316K [0x0000000080000000, 0x0000000086380000, 0x00000000d5580000)
  object space 101888K, 92% used [0x0000000080000000,0x0000000085c1b348,0x0000000086380000)
 Metaspace       used 94439K, capacity 98476K, committed 98584K, reserved 1134592K
  class space    used 12322K, capacity 13056K, committed 13104K, reserved 1048576K
}
Event: 37.039 GC heap before
{Heap before GC invocations=20 (full 4):
 PSYoungGen      total 424960K, used 2192K [0x00000000d5580000, 0x00000000f2e00000, 0x0000000100000000)
  eden space 388608K, 0% used [0x00000000d5580000,0x00000000d5580000,0x00000000ed100000)
  from space 36352K, 6% used [0x00000000ef480000,0x00000000ef6a4020,0x00000000f1800000)
  to   space 36352K, 0% used [0x00000000ed100000,0x00000000ed100000,0x00000000ef480000)
 ParOldGen       total 101888K, used 94316K [0x0000000080000000, 0x0000000086380000, 0x00000000d5580000)
  object space 101888K, 92% used [0x0000000080000000,0x0000000085c1b348,0x0000000086380000)
 Metaspace       used 94439K, capacity 98476K, committed 98584K, reserved 1134592K
  class space    used 12322K, capacity 13056K, committed 13104K, reserved 1048576K
Event: 37.216 GC heap after
Heap after GC invocations=20 (full 4):
 PSYoungGen      total 424960K, used 0K [0x00000000d5580000, 0x00000000f2e00000, 0x0000000100000000)
  eden space 388608K, 0% used [0x00000000d5580000,0x00000000d5580000,0x00000000ed100000)
  from space 36352K, 0% used [0x00000000ef480000,0x00000000ef480000,0x00000000f1800000)
  to   space 36352K, 0% used [0x00000000ed100000,0x00000000ed100000,0x00000000ef480000)
 ParOldGen       total 167936K, used 67417K [0x0000000080000000, 0x000000008a400000, 0x00000000d5580000)
  object space 167936K, 40% used [0x0000000080000000,0x00000000841d6588,0x000000008a400000)
 Metaspace       used 94177K, capacity 97694K, committed 98584K, reserved 1134592K
  class space    used 12238K, capacity 12907K, committed 13104K, reserved 1048576K
}

Deoptimization events (10 events):
Event: 76.426 Thread 0x000000001f435000 Uncommon trap: reason=bimorphic action=maybe_recompile pc=0x0000000003787af4 method=java.io.ObjectInputStream$PeekInputStream.peek()I @ 17
Event: 76.426 Thread 0x000000001f435000 Uncommon trap: reason=bimorphic action=maybe_recompile pc=0x00000000046068d4 method=java.io.ObjectInputStream$PeekInputStream.read()I @ 23
Event: 76.426 Thread 0x000000001f435000 Uncommon trap: reason=bimorphic action=maybe_recompile pc=0x00000000046068d4 method=java.io.ObjectInputStream$PeekInputStream.read()I @ 23
Event: 76.426 Thread 0x000000001f435000 Uncommon trap: reason=bimorphic action=maybe_recompile pc=0x00000000046068d4 method=java.io.ObjectInputStream$PeekInputStream.read()I @ 23
Event: 76.426 Thread 0x000000001f435000 Uncommon trap: reason=bimorphic action=maybe_recompile pc=0x0000000003787af4 method=java.io.ObjectInputStream$PeekInputStream.peek()I @ 17
Event: 76.426 Thread 0x000000001f435000 Uncommon trap: reason=bimorphic action=maybe_recompile pc=0x00000000046068d4 method=java.io.ObjectInputStream$PeekInputStream.read()I @ 23
Event: 76.426 Thread 0x000000001f435000 Uncommon trap: reason=bimorphic action=maybe_recompile pc=0x0000000003787af4 method=java.io.ObjectInputStream$PeekInputStream.peek()I @ 17
Event: 76.426 Thread 0x000000001f435000 Uncommon trap: reason=bimorphic action=maybe_recompile pc=0x00000000035bbcb4 method=java.io.ObjectInputStream$PeekInputStream.peek()I @ 17
Event: 76.426 Thread 0x000000001f435000 Uncommon trap: reason=bimorphic action=maybe_recompile pc=0x0000000004bfdce4 method=java.io.ObjectInputStream$PeekInputStream.peek()I @ 17
Event: 76.441 Thread 0x000000001cbc7000 Uncommon trap: reason=unstable_if action=reinterpret pc=0x00000000047fdde4 method=org.gradle.cache.internal.DefaultCrossBuildInMemoryCacheFactory$AbstractCrossBuildInMemoryCache.getIfPresent(Ljava/lang/Object;)Ljava/lang/Object; @ 24

Classes redefined (0 events):
No events

Internal exceptions (10 events):
Event: 38.739 Thread 0x000000001f439000 Implicit null exception at 0x000000000392372f to 0x0000000003923821
Event: 38.739 Thread 0x000000001f43d800 Implicit null exception at 0x000000000392372f to 0x0000000003923821
Event: 38.739 Thread 0x000000001f43c800 Implicit null exception at 0x000000000392372f to 0x0000000003923821
Event: 38.932 Thread 0x000000001f439800 Exception <a 'sun/nio/fs/WindowsException'> (0x00000000e051f4e0) thrown at [C:\src\AOSP-openjdk-git\hotspot\src\share\vm\prims\jni.cpp, line 710]
Event: 39.002 Thread 0x0000000020658800 Exception <a 'java/lang/NoSuchMethodError': java.lang.Object.lambda$asRunnable$0(Lcom/android/tools/build/apkzlib/utils/IOExceptionRunnable;)V> (0x00000000e089ce38) thrown at [C:\src\AOSP-openjdk-git\hotspot\src\share\vm\interpreter\linkResolver.cpp, line
Event: 39.031 Thread 0x0000000020658800 Exception <a 'java/lang/NoSuchMethodError': java.lang.Object.newSystemTemporaryDirectory()Lcom/android/tools/build/apkzlib/bytestorage/TemporaryDirectory;> (0x00000000e09f73e8) thrown at [C:\src\AOSP-openjdk-git\hotspot\src\share\vm\interpreter\linkResolv
Event: 39.079 Thread 0x0000000020658800 Exception <a 'java/lang/NoSuchMethodError': java.lang.Object.lambda$static$0(Lcom/android/apksig/util/RunnablesProvider;)V> (0x00000000e0c983c0) thrown at [C:\src\AOSP-openjdk-git\hotspot\src\share\vm\interpreter\linkResolver.cpp, line 620]
Event: 39.293 Thread 0x000000001cbc7000 Implicit null exception at 0x00000000052b4ae8 to 0x00000000052b5af5
Event: 39.297 Thread 0x000000001cbc7000 Implicit null exception at 0x0000000004b2382c to 0x0000000004b23875
Event: 39.350 Thread 0x000000001cbc7000 Implicit null exception at 0x000000000526f3c7 to 0x000000000526f76d

Events (10 events):
Event: 76.426 Thread 0x000000001f435000 Uncommon trap: trap_request=0xffffffc6 fr.pc=0x0000000004bfdce4
Event: 76.426 Thread 0x000000001f435000 DEOPT PACKING pc=0x0000000004bfdce4 sp=0x0000000036f3e9e0
Event: 76.426 Thread 0x000000001f435000 DEOPT UNPACKING pc=0x000000000304557b sp=0x0000000036f3e898 mode 2
Event: 76.429 Thread 0x000000001f432800 Thread added: 0x000000001f432800
Event: 76.435 Thread 0x000000001f431000 Thread added: 0x000000001f431000
Event: 76.436 Thread 0x000000001f42e000 Thread added: 0x000000001f42e000
Event: 76.437 Thread 0x000000001f439000 Thread added: 0x000000001f439000
Event: 76.441 Thread 0x000000001cbc7000 Uncommon trap: trap_request=0xffffff65 fr.pc=0x00000000047fdde4
Event: 76.441 Thread 0x000000001cbc7000 DEOPT PACKING pc=0x00000000047fdde4 sp=0x000000001e69b820
Event: 76.441 Thread 0x000000001cbc7000 DEOPT UNPACKING pc=0x000000000304557b sp=0x000000001e69b7d0 mode 2


Dynamic libraries:
0x00007ff726880000 - 0x00007ff7268b1000 	C:\Program Files\Android\Android Studio\jre\bin\java.exe
0x00007ffdd1930000 - 0x00007ffdd1b1d000 	C:\WINDOWS\SYSTEM32\ntdll.dll
0x00007ffdd0140000 - 0x00007ffdd01f3000 	C:\WINDOWS\System32\KERNEL32.DLL
0x00007ffdce520000 - 0x00007ffdce7b5000 	C:\WINDOWS\System32\KERNELBASE.dll
0x00007ffdd1850000 - 0x00007ffdd18f3000 	C:\WINDOWS\System32\ADVAPI32.dll
0x00007ffdd07f0000 - 0x00007ffdd088e000 	C:\WINDOWS\System32\msvcrt.dll
0x00007ffdd1060000 - 0x00007ffdd10fe000 	C:\WINDOWS\System32\sechost.dll
0x00007ffdd1580000 - 0x00007ffdd16a2000 	C:\WINDOWS\System32\RPCRT4.dll
0x00007ffdd16b0000 - 0x00007ffdd1847000 	C:\WINDOWS\System32\USER32.dll
0x00007ffdcdaa0000 - 0x00007ffdcdac0000 	C:\WINDOWS\System32\win32u.dll
0x00007ffdd1550000 - 0x00007ffdd1579000 	C:\WINDOWS\System32\GDI32.dll
0x00007ffdce840000 - 0x00007ffdce9d9000 	C:\WINDOWS\System32\gdi32full.dll
0x00007ffdce2a0000 - 0x00007ffdce340000 	C:\WINDOWS\System32\msvcp_win.dll
0x00007ffdce9e0000 - 0x00007ffdceada000 	C:\WINDOWS\System32\ucrtbase.dll
0x00007ffdc06e0000 - 0x00007ffdc0959000 	C:\WINDOWS\WinSxS\amd64_microsoft.windows.common-controls_6595b64144ccf1df_6.0.17763.1217_none_de6e4304534e0ad3\COMCTL32.dll
0x00007ffdd04b0000 - 0x00007ffdd07dc000 	C:\WINDOWS\System32\combase.dll
0x00007ffdce7c0000 - 0x00007ffdce83e000 	C:\WINDOWS\System32\bcryptPrimitives.dll
0x00007ffdd1100000 - 0x00007ffdd112e000 	C:\WINDOWS\System32\IMM32.DLL
0x0000000073840000 - 0x0000000073912000 	C:\Program Files\Android\Android Studio\jre\jre\bin\msvcr100.dll
0x0000000073920000 - 0x000000007416b000 	C:\Program Files\Android\Android Studio\jre\jre\bin\server\jvm.dll
0x00007ffdd07e0000 - 0x00007ffdd07e8000 	C:\WINDOWS\System32\PSAPI.DLL
0x00007ffd8c420000 - 0x00007ffd8c429000 	C:\WINDOWS\SYSTEM32\WSOCK32.dll
0x00007ffdcb790000 - 0x00007ffdcb7b4000 	C:\WINDOWS\SYSTEM32\WINMM.dll
0x00007ffdc67d0000 - 0x00007ffdc67da000 	C:\WINDOWS\SYSTEM32\VERSION.dll
0x00007ffdd11e0000 - 0x00007ffdd124d000 	C:\WINDOWS\System32\WS2_32.dll
0x00007ffdcb310000 - 0x00007ffdcb33d000 	C:\WINDOWS\SYSTEM32\winmmbase.dll
0x00007ffdceae0000 - 0x00007ffdceb2a000 	C:\WINDOWS\System32\cfgmgr32.dll
0x00007ffd8bd70000 - 0x00007ffd8bd7f000 	C:\Program Files\Android\Android Studio\jre\jre\bin\verify.dll
0x00007ffd8bd40000 - 0x00007ffd8bd69000 	C:\Program Files\Android\Android Studio\jre\jre\bin\java.dll
0x00007ffd8bd20000 - 0x00007ffd8bd36000 	C:\Program Files\Android\Android Studio\jre\jre\bin\zip.dll
0x00007ffdceb60000 - 0x00007ffdd0054000 	C:\WINDOWS\System32\SHELL32.dll
0x00007ffdd1130000 - 0x00007ffdd11d8000 	C:\WINDOWS\System32\shcore.dll
0x00007ffdcdac0000 - 0x00007ffdce20e000 	C:\WINDOWS\System32\windows.storage.dll
0x00007ffdcd940000 - 0x00007ffdcd964000 	C:\WINDOWS\System32\profapi.dll
0x00007ffdcd990000 - 0x00007ffdcd9ed000 	C:\WINDOWS\System32\powrprof.dll
0x00007ffdd0e40000 - 0x00007ffdd0e92000 	C:\WINDOWS\System32\shlwapi.dll
0x00007ffdcd920000 - 0x00007ffdcd931000 	C:\WINDOWS\System32\kernel.appcore.dll
0x00007ffdceb30000 - 0x00007ffdceb47000 	C:\WINDOWS\System32\cryptsp.dll
0x00007ffd8bd00000 - 0x00007ffd8bd1a000 	C:\Program Files\Android\Android Studio\jre\jre\bin\net.dll
0x00007ffdcd190000 - 0x00007ffdcd1f7000 	C:\WINDOWS\system32\mswsock.dll
0x00007ffd8bce0000 - 0x00007ffd8bcf3000 	C:\Program Files\Android\Android Studio\jre\jre\bin\nio.dll
0x00007ffdad7a0000 - 0x00007ffdad7c7000 	C:\Users\LoLki\.gradle\native\f6784746aeab05261644944871eae4fe03e0ef1612fff0a4a95f87b438bc6780\windows-amd64\native-platform.dll
0x00007ffd8bcd0000 - 0x00007ffd8bcdd000 	C:\Program Files\Android\Android Studio\jre\jre\bin\management.dll
0x00007ffdccd10000 - 0x00007ffdccd43000 	C:\WINDOWS\system32\rsaenh.dll
0x00007ffdce270000 - 0x00007ffdce296000 	C:\WINDOWS\System32\bcrypt.dll
0x00007ffdcd850000 - 0x00007ffdcd878000 	C:\WINDOWS\SYSTEM32\USERENV.dll
0x00007ffdcd360000 - 0x00007ffdcd36c000 	C:\WINDOWS\SYSTEM32\CRYPTBASE.dll
0x00007ffdcceb0000 - 0x00007ffdcceed000 	C:\WINDOWS\SYSTEM32\IPHLPAPI.DLL
0x00007ffdceb50000 - 0x00007ffdceb58000 	C:\WINDOWS\System32\NSI.dll
0x00007ffdc2c20000 - 0x00007ffdc2c36000 	C:\WINDOWS\SYSTEM32\dhcpcsvc6.DLL
0x00007ffdc3060000 - 0x00007ffdc307c000 	C:\WINDOWS\SYSTEM32\dhcpcsvc.DLL
0x00007ffdccef0000 - 0x00007ffdccfb7000 	C:\WINDOWS\SYSTEM32\DNSAPI.dll
0x00007ffdc2ff0000 - 0x00007ffdc2ffb000 	C:\WINDOWS\SYSTEM32\WINNSI.DLL
0x00007ffdcb9b0000 - 0x00007ffdcba3c000 	C:\WINDOWS\system32\apphelp.dll
0x00007ffdc4330000 - 0x00007ffdc434e000 	C:\Users\LoLki\AppData\Local\Temp\native-platform864721854286225789dir\native-platform.dll
0x0000000066e00000 - 0x0000000066f03000 	C:\Users\LoLki\AppData\Local\Temp\sqlite-3.25.2-5d85fed5-ce52-43b7-a82d-e31b79c2ef11-sqlitejdbc.dll
0x00007ffdbc130000 - 0x00007ffdbc31d000 	C:\WINDOWS\SYSTEM32\dbghelp.dll

VM Arguments:
jvm_args: -Xmx2048m -Dfile.encoding=UTF-8 -Duser.country=RU -Duser.language=ru -Duser.variant 
java_command: org.gradle.launcher.daemon.bootstrap.GradleDaemon 6.5
java_class_path (initial): C:\Users\LoLki\.gradle\wrapper\dists\gradle-6.5-bin\6nifqtx7604sqp1q6g8wikw7p\gradle-6.5\lib\gradle-launcher-6.5.jar
Launcher Type: SUN_STANDARD

Environment Variables:
PATH=C:\WINDOWS\system32;C:\WINDOWS;C:\WINDOWS\System32\Wbem;C:\WINDOWS\System32\WindowsPowerShell\v1.0\;C:\WINDOWS\System32\OpenSSH\;C:\Program Files\nodejs\;C:\Program Files\Git\cmd;C:\Users\LoLki\AppData\Local\Microsoft\WindowsApps;;C:\Users\LoLki\AppData\Local\Programs\Microsoft VS Code\bin;C:\Users\LoLki\AppData\Roaming\npm
USERNAME=LoLki
OS=Windows_NT
PROCESSOR_IDENTIFIER=Intel64 Family 6 Model 142 Stepping 10, GenuineIntel



---------------  S Y S T E M  ---------------

OS: Windows 10.0 , 64 bit Build 17763 (10.0.17763.1158)

CPU:total 8 (initial active 8) (4 cores per cpu, 2 threads per core) family 6 model 142 stepping 10, cmov, cx8, fxsr, mmx, sse, sse2, sse3, ssse3, sse4.1, sse4.2, popcnt, avx, avx2, aes, clmul, erms, 3dnowpref, lzcnt, ht, tsc, tscinvbit, bmi1, bmi2, adx

Memory: 4k page, physical 8269924k(3046100k free), swap 10629220k(3994936k free)

vm_info: OpenJDK 64-Bit Server VM (25.242-b01) for windows-amd64 JRE (1.8.0_242-release-1644-b01), built by "builder" with MS VC++ 10.0 (VS2010)

time: Thu Dec 31 07:47:26 2020
timezone: GMT Standard Time
elapsed time: 76 seconds (0d 0h 1m 16s)

